[0126/133556.748:INFO:CONSOLE:13] "Uncaught TypeError: Cannot read properties of null (reading 'appendChild')", source:  (13)
[0126/133556.820:INFO:CONSOLE:6] "Uncaught ReferenceError: sj_evt is not defined", source: https://www.bing.com/ (6)
[0126/133557.457:INFO:CONSOLE:87] "Permissions policy violation: unload is not allowed in this document.", source: https://assets.msn.com/bundles/v1/bingHomepage/latest/microsoft.f677ba34adeb5d719dd1.js (87)
[0126/133557.457:INFO:CONSOLE:87] "Permissions policy violation: unload is not allowed in this document.", source: https://assets.msn.com/bundles/v1/bingHomepage/latest/microsoft.f677ba34adeb5d719dd1.js (87)
[0126/133600.750:INFO:CONSOLE:9901] "Mon Jan 26 2026 03:06:00 GMT-0500 (Eastern Standard Time): 1769414760743 {"id":91002,"severity":0,"pb":{"build":"20260119.41","appType":"bingHomepage","pcsVersion":"20260119.1","pcsEnv":"prod","buildAlias":"latest","shouldDelayUntilLoadTime":false,"shouldSampleErrorsForTreatement1":false,"missingPrgFlights":"prg-1sw-sa-urat3,prg-1sw-savftunelac,prg-1sw-sarevfct1,prg-1sw-prmsnadat,prg-watch-vad-v2-c,prg-pr2-new-rubystable-c,prg-pr2-rubystable-c,prg-sh-rmitmlnk-c,prg-cg-ad-ref-if-2,prg-1s-dwvid-wpo-ctr,prg-ad-va-msnhp-c,prg-1sw-tv-c,prg-1sw-ntf-rel,prg-1sw-p2-txt3,prg-pr2-twi-99,prg-pr2-newint,prg-msn-asgp1,prg-cg-l-dgr,prg-cg-lf-signin-5m,prg-disp-ad-ttvs,prg-disp-ad-ttvs-del,prg-1sw-c-ltswsuppress,prg-cg-ad-top,prg-1s-dwvid-wpo,prg-1sw-sa-maikey1c,prg-1sw-saq-eliteen-cipv2-r4t1,prg-1sw-wxtrlogp,prg-cg-ab-testing,prg-cg-ad-all,prg-cg-dnm-sz-ad-2r-c,prg-cg-lf-c,prg-cg-lf-pi,prg-cg-newplayt1,prg-chn-noabs,prg-dsa-atd,prg-msal218-c,prg-pr2-base-dummy,prg-pr2-ctsr,prg-pr2-newint-c,prg-pr2-rubystable-base,prg-pr2-rubystable-t,prg-sh-rmitmlnk,prg-webwi-stag,prg-ww-cpiopt","commonProps":{"pcsMuid":"0b43745030126a6c1a6862b931306be5","oneServiceMuid":"0b43745030126a6c1a6862b931306be5","pcsFlightBlobVersion":"53568327","oneServiceFlightBlobVersion":"53568328","oneServiceDebugId":"8b536063-f60e-4cdd-a7f2-7b1db1144887|2026-01-26T08:05:59.7948863Z|fabric_msn|KOC-A|News_1367"},"w":1},"message":"Flight mismatch between PCS and 1S"}", source: https://assets.msn.com/bundles/v1/bingHomepage/latest/common.b57c3c8754cac444b330.js (9901)
[0126/133601.388:INFO:CONSOLE:13] "Uncaught TypeError: Cannot read properties of null (reading 'appendChild')", source:  (13)
[0126/133601.435:INFO:CONSOLE:10] "Rendering was performed in a subtree hidden by content-visibility.", source: https://www.bing.com/search?q=border+2&qs=HS&sc=10-0&cvid=C73BBDCDEE6B4FFAB3232AFD83965D6F&FORM=QBLH&sp=1&lq=0 (10)
[0126/133601.436:INFO:CONSOLE:10] "Rendering was performed in a subtree hidden by content-visibility.", source: https://www.bing.com/search?q=border+2&qs=HS&sc=10-0&cvid=C73BBDCDEE6B4FFAB3232AFD83965D6F&FORM=QBLH&sp=1&lq=0 (10)
[0126/133601.436:INFO:CONSOLE:10] "Rendering was performed in a subtree hidden by content-visibility.", source: https://www.bing.com/search?q=border+2&qs=HS&sc=10-0&cvid=C73BBDCDEE6B4FFAB3232AFD83965D6F&FORM=QBLH&sp=1&lq=0 (10)
[0126/133601.436:INFO:CONSOLE:10] "Rendering was performed in a subtree hidden by content-visibility.", source: https://www.bing.com/search?q=border+2&qs=HS&sc=10-0&cvid=C73BBDCDEE6B4FFAB3232AFD83965D6F&FORM=QBLH&sp=1&lq=0 (10)
[0126/133601.436:INFO:CONSOLE:10] "Rendering was performed in a subtree hidden by content-visibility.", source: https://www.bing.com/search?q=border+2&qs=HS&sc=10-0&cvid=C73BBDCDEE6B4FFAB3232AFD83965D6F&FORM=QBLH&sp=1&lq=0 (10)
[0126/133602.551:INFO:CONSOLE:0] "[GroupMarkerNotSet(crbug.com/242999)!:A8801800A44C0000]Automatic fallback to software WebGL has been deprecated. Please use the --enable-unsafe-swiftshader (about:flags#enable-unsafe-swiftshader) flag to opt in to lower security guarantees for trusted content.", source: https://www.bing.com/search?q=border+2&qs=HS&sc=10-0&cvid=C73BBDCDEE6B4FFAB3232AFD83965D6F&FORM=QBLH&sp=1&lq=0 (0)
[0126/133602.955:INFO:CONSOLE:1] "There is already and InstrumentationTracker instance associated with this insertRef:CopilotSearch", source: https://r.bing.com/rp/MicXn58E9O2d9myy2AkyWVxfKMM.br.js (1)
[0126/133603.200:INFO:CONSOLE:13] "Uncaught TypeError: Cannot read properties of null (reading 'appendChild')", source:  (13)
[0126/133604.893:INFO:CONSOLE:13] "Uncaught TypeError: Cannot read properties of null (reading 'appendChild')", source:  (13)
[0126/133605.273:INFO:CONSOLE:13] "Uncaught TypeError: Cannot read properties of null (reading 'appendChild')", source:  (13)
[0126/133609.066:INFO:CONSOLE:5] "The stream mediawiki.client.session_tick is out of sample. No event will be sent", source: https://en.wikipedia.org/w/load.php?lang=en&modules=ext.eventLogging.metricsPlatform&skin=vector-2022&version=1i3oh (5)
[0126/133609.066:INFO:CONSOLE:5] "The stream mediawiki.client.session_tick is out of sample. No event will be sent", source: https://en.wikipedia.org/w/load.php?lang=en&modules=ext.eventLogging.metricsPlatform&skin=vector-2022&version=1i3oh (5)
[0126/133609.066:INFO:CONSOLE:5] "The stream mediawiki.client.session_tick is out of sample. No event will be sent", source: https://en.wikipedia.org/w/load.php?lang=en&modules=ext.eventLogging.metricsPlatform&skin=vector-2022&version=1i3oh (5)
[0126/133609.066:INFO:CONSOLE:5] "The stream mediawiki.client.session_tick is out of sample. No event will be sent", source: https://en.wikipedia.org/w/load.php?lang=en&modules=ext.eventLogging.metricsPlatform&skin=vector-2022&version=1i3oh (5)
[0126/133609.066:INFO:CONSOLE:5] "The stream mediawiki.client.session_tick is out of sample. No event will be sent", source: https://en.wikipedia.org/w/load.php?lang=en&modules=ext.eventLogging.metricsPlatform&skin=vector-2022&version=1i3oh (5)
[0126/133609.066:INFO:CONSOLE:5] "The stream mediawiki.client.session_tick is out of sample. No event will be sent", source: https://en.wikipedia.org/w/load.php?lang=en&modules=ext.eventLogging.metricsPlatform&skin=vector-2022&version=1i3oh (5)
[0126/133609.111:INFO:CONSOLE:5] "The stream mediawiki.web_ui_actions is out of sample. No event will be sent", source: https://en.wikipedia.org/w/load.php?lang=en&modules=ext.eventLogging.metricsPlatform&skin=vector-2022&version=1i3oh (5)
[0126/133623.635:INFO:CONSOLE:13] "Uncaught TypeError: Cannot read properties of null (reading 'appendChild')", source:  (13)
[0126/133624.310:INFO:CONSOLE:5] "The stream mediawiki.web_ui_actions is out of sample. No event will be sent", source: https://en.wikipedia.org/w/load.php?lang=en&modules=ext.eventLogging.metricsPlatform&skin=vector-2022&version=1i3oh (5)
[0126/133641.977:INFO:CONSOLE:13] "Uncaught TypeError: Cannot read properties of null (reading 'appendChild')", source:  (13)
[0126/133642.225:INFO:CONSOLE:5] "The stream mediawiki.web_ui_actions is out of sample. No event will be sent", source: https://en.wikipedia.org/w/load.php?lang=en&modules=ext.eventLogging.metricsPlatform&skin=vector-2022&version=1i3oh (5)
[0126/133703.502:INFO:CONSOLE:13] "Uncaught TypeError: Cannot read properties of null (reading 'appendChild')", source:  (13)
[0126/133704.818:INFO:CONSOLE:5] "The stream mediawiki.client.session_tick is out of sample. No event will be sent", source: https://en.wikipedia.org/w/load.php?lang=en&modules=ext.eventLogging.metricsPlatform&skin=vector-2022&version=1i3oh (5)
[0126/133704.847:INFO:CONSOLE:5] "The stream mediawiki.web_ui_actions is out of sample. No event will be sent", source: https://en.wikipedia.org/w/load.php?lang=en&modules=ext.eventLogging.metricsPlatform&skin=vector-2022&version=1i3oh (5)
[0126/133804.837:INFO:CONSOLE:5] "The stream mediawiki.client.session_tick is out of sample. No event will be sent", source: https://en.wikipedia.org/w/load.php?lang=en&modules=ext.eventLogging.metricsPlatform&skin=vector-2022&version=1i3oh (5)
[0126/134203.736:INFO:CONSOLE:13] "Uncaught TypeError: Cannot read properties of null (reading 'appendChild')", source:  (13)
[0126/134203.771:INFO:CONSOLE:6] "Uncaught ReferenceError: sj_evt is not defined", source: https://www.bing.com/ (6)
[0126/134204.764:INFO:CONSOLE:87] "Permissions policy violation: unload is not allowed in this document.", source: https://assets.msn.com/bundles/v1/bingHomepage/latest/microsoft.f677ba34adeb5d719dd1.js (87)
[0126/134204.765:INFO:CONSOLE:87] "Permissions policy violation: unload is not allowed in this document.", source: https://assets.msn.com/bundles/v1/bingHomepage/latest/microsoft.f677ba34adeb5d719dd1.js (87)
[0126/134205.890:INFO:CONSOLE:9901] "Mon Jan 26 2026 03:12:05 GMT-0500 (Eastern Standard Time): 1769415125874 {"id":91002,"severity":0,"pb":{"build":"20260119.41","appType":"bingHomepage","pcsVersion":"20260119.1","pcsEnv":"prod","buildAlias":"latest","shouldDelayUntilLoadTime":false,"shouldSampleErrorsForTreatement1":false,"missingPrgFlights":"prg-1sw-sa-urat3,prg-1sw-savftunelac,prg-1sw-sarevfct1,prg-1sw-prmsnadat,prg-watch-vad-v2-c,prg-pr2-new-rubystable-c,prg-pr2-rubystable-c,prg-cg-ad-ref-if-2,prg-ntp-tfherott-on,prg-cg-zhcnfx,prg-1s-dwvid-wpo-ctr,prg-ad-va-msnhp-c,prg-1sw-tv-c,prg-1sw-ntf-rel,prg-cmc-rfagtwl,prg-pr2-newint,prg-msn-asgp1,prg-cg-l-dgr,prg-disp-ad-ttvs,prg-disp-ad-ttvs-del,prg-1sw-c-ltswsuppress,prg-cg-ad-top,prg-1s-dwvid-wpo,prg-1sw-artf1,prg-1sw-artrcnr,prg-1sw-morecand2,prg-1sw-mtr-en,prg-1sw-prm-cn-comt2,prg-1sw-prm-comt2,prg-1sw-revenue010,prg-1sw-revnv2,prg-1sw-riverprm2pr2,prg-1sw-sa-ahv2seqcc,prg-1sw-sa-tsr-pr21,prg-1sw-saeptmc,prg-1sw-sal3vfnqf,prg-1sw-sarevfct4,prg-1sw-wxaqrci,prg-1sw-wxrvlocds-c,prg-ad-size-mis-c,prg-ad-views-brsf,prg-cg-ad-bot,prg-cg-cfzhcnfx,prg-cg-newplayt11,prg-cg-pwa-lock-spl,prg-cg-rv2b2c,prg-con-adpldend,prg-dsa-atd,prg-fin-cwlana,prg-gaming-ni-c,prg-hp-noswitch,prg-pr1-unpwxonly,prg-pr2-base-dummy,prg-pr2-newint-c,prg-pr2-preavg,prg-pr2-preavg-t,prg-pr2-rubystable-base,prg-pr2-rubystable-dummy,prg-pr2-rubystable-t","commonProps":{"pcsMuid":"0b43745030126a6c1a6862b931306be5","oneServiceMuid":"0b43745030126a6c1a6862b931306be5","pcsFlightBlobVersion":"53568328","oneServiceFlightBlobVersion":"53568329","oneServiceDebugId":"0bbd9c47-c360-4ef2-92af-d1f5b1304887|2026-01-26T08:12:05.8625313Z|fabric_msn|KOC-A|News_1494"},"w":1},"message":"Flight mismatch between PCS and 1S"}", source: https://assets.msn.com/bundles/v1/bingHomepage/latest/common.b57c3c8754cac444b330.js (9901)
[0126/134208.260:INFO:CONSOLE:13] "Uncaught TypeError: Cannot read properties of null (reading 'appendChild')", source:  (13)
[0126/134208.923:INFO:CONSOLE:13] "Uncaught TypeError: Cannot read properties of null (reading 'appendChild')", source:  (13)
[0126/134210.147:INFO:CONSOLE:13] "Uncaught TypeError: Cannot read properties of null (reading 'appendChild')", source:  (13)
[0126/134210.233:INFO:CONSOLE:10] "Rendering was performed in a subtree hidden by content-visibility.", source: https://www.bing.com/search?q=border+2&qs=HS&sc=10-0&cvid=E20D655B9DD145CCB29E3261667758F8&FORM=QBLH&sp=1&lq=0 (10)
[0126/134210.257:INFO:CONSOLE:10] "Rendering was performed in a subtree hidden by content-visibility.", source: https://www.bing.com/search?q=border+2&qs=HS&sc=10-0&cvid=E20D655B9DD145CCB29E3261667758F8&FORM=QBLH&sp=1&lq=0 (10)
[0126/134210.257:INFO:CONSOLE:10] "Rendering was performed in a subtree hidden by content-visibility.", source: https://www.bing.com/search?q=border+2&qs=HS&sc=10-0&cvid=E20D655B9DD145CCB29E3261667758F8&FORM=QBLH&sp=1&lq=0 (10)
[0126/134210.257:INFO:CONSOLE:10] "Rendering was performed in a subtree hidden by content-visibility.", source: https://www.bing.com/search?q=border+2&qs=HS&sc=10-0&cvid=E20D655B9DD145CCB29E3261667758F8&FORM=QBLH&sp=1&lq=0 (10)
[0126/134210.257:INFO:CONSOLE:10] "Rendering was performed in a subtree hidden by content-visibility.", source: https://www.bing.com/search?q=border+2&qs=HS&sc=10-0&cvid=E20D655B9DD145CCB29E3261667758F8&FORM=QBLH&sp=1&lq=0 (10)
[0126/134210.905:INFO:CONSOLE:0] "[GroupMarkerNotSet(crbug.com/242999)!:A8B01800A44C0000]Automatic fallback to software WebGL has been deprecated. Please use the --enable-unsafe-swiftshader (about:flags#enable-unsafe-swiftshader) flag to opt in to lower security guarantees for trusted content.", source: https://www.bing.com/search?q=border+2&qs=HS&sc=10-0&cvid=E20D655B9DD145CCB29E3261667758F8&FORM=QBLH&sp=1&lq=0 (0)
[0126/134211.054:INFO:CONSOLE:1] "There is already and InstrumentationTracker instance associated with this insertRef:CopilotSearch", source: https://r.bing.com/rp/MicXn58E9O2d9myy2AkyWVxfKMM.br.js (1)
[0126/134211.263:INFO:CONSOLE:13] "Uncaught TypeError: Cannot read properties of null (reading 'appendChild')", source:  (13)
[0126/134212.592:INFO:CONSOLE:13] "Uncaught TypeError: Cannot read properties of null (reading 'appendChild')", source:  (13)
[0126/134212.991:INFO:CONSOLE:13] "Uncaught TypeError: Cannot read properties of null (reading 'appendChild')", source:  (13)
[0126/134215.228:INFO:CONSOLE:5] "The stream mediawiki.client.session_tick is out of sample. No event will be sent", source: https://en.wikipedia.org/w/load.php?lang=en&modules=ext.eventLogging.metricsPlatform&skin=vector-2022&version=1i3oh (5)
[0126/134215.228:INFO:CONSOLE:5] "The stream mediawiki.client.session_tick is out of sample. No event will be sent", source: https://en.wikipedia.org/w/load.php?lang=en&modules=ext.eventLogging.metricsPlatform&skin=vector-2022&version=1i3oh (5)
[0126/134215.228:INFO:CONSOLE:5] "The stream mediawiki.client.session_tick is out of sample. No event will be sent", source: https://en.wikipedia.org/w/load.php?lang=en&modules=ext.eventLogging.metricsPlatform&skin=vector-2022&version=1i3oh (5)
[0126/134215.228:INFO:CONSOLE:5] "The stream mediawiki.client.session_tick is out of sample. No event will be sent", source: https://en.wikipedia.org/w/load.php?lang=en&modules=ext.eventLogging.metricsPlatform&skin=vector-2022&version=1i3oh (5)
[0126/134215.249:INFO:CONSOLE:5] "The stream mediawiki.web_ui_actions is out of sample. No event will be sent", source: https://en.wikipedia.org/w/load.php?lang=en&modules=ext.eventLogging.metricsPlatform&skin=vector-2022&version=1i3oh (5)
[0126/134230.581:INFO:CONSOLE:13] "Uncaught TypeError: Cannot read properties of null (reading 'appendChild')", source:  (13)
[0126/134233.808:INFO:CONSOLE:5] "The stream mediawiki.web_ui_actions is out of sample. No event will be sent", source: https://en.wikipedia.org/w/load.php?lang=en&modules=ext.eventLogging.metricsPlatform&skin=vector-2022&version=1i3oh (5)
[0126/134246.029:INFO:CONSOLE:13] "Uncaught TypeError: Cannot read properties of null (reading 'appendChild')", source:  (13)
[0126/134246.419:INFO:CONSOLE:5] "The stream mediawiki.web_ui_actions is out of sample. No event will be sent", source: https://en.wikipedia.org/w/load.php?lang=en&modules=ext.eventLogging.metricsPlatform&skin=vector-2022&version=1i3oh (5)
[0126/143258.070:WARNING:net\dns\dns_config_service_win.cc:606] Failed to read DnsConfig.
